<?xml version="1.0" encoding="UTF-8" ?>
<testsuite tests="31" failures="0" name="org.springframework.cloud.netflix.zuul.filters.route.restclient.RestClientRibbonCommandIntegrationTests" time="2.035" errors="0" skipped="2">
  <properties>
[...]
</properties>
  <testcase classname="org.springframework.cloud.netflix.zuul.filters.route.restclient.RestClientRibbonCommandIntegrationTests" name="ribbonCommandFactoryOverridden" time="0.004"/>
  <testcase classname="org.springframework.cloud.netflix.zuul.filters.route.restclient.RestClientRibbonCommandIntegrationTests" name="ribbonCommandRandomHostFromConfig" time="0.432"/>
  <testcase classname="org.springframework.cloud.netflix.zuul.filters.route.restclient.RestClientRibbonCommandIntegrationTests" name="simpleHostRouteDefaultIgnoredHeader" time="0.433">
    <skipped/>
  </testcase>
  <testcase classname="org.springframework.cloud.netflix.zuul.filters.route.restclient.RestClientRibbonCommandIntegrationTests" name="routeLocatorOverridden" time="0.002"/>
  <testcase classname="org.springframework.cloud.netflix.zuul.filters.route.restclient.RestClientRibbonCommandIntegrationTests" name="javascriptEncodedFormParams" time="0.269"/>
  <testcase classname="org.springframework.cloud.netflix.zuul.filters.route.restclient.RestClientRibbonCommandIntegrationTests" name="ribbonCommandServiceUnavailable" time="0.012"/>
  <testcase classname="org.springframework.cloud.netflix.zuul.filters.route.restclient.RestClientRibbonCommandIntegrationTests" name="ribbonCommandForbidden" time="0.012"/>
  <testcase classname="org.springframework.cloud.netflix.zuul.filters.route.restclient.RestClientRibbonCommandIntegrationTests" name="simpleHostRouteWithColonParamNames" time="0.022"/>
  <testcase classname="org.springframework.cloud.netflix.zuul.filters.route.restclient.RestClientRibbonCommandIntegrationTests" name="simpleHostRouteWithMatrix" time="0.025"/>
  <testcase classname="org.springframework.cloud.netflix.zuul.filters.route.restclient.RestClientRibbonCommandIntegrationTests" name="simpleHostRouteWithEncodedQuery" time="0.019"/>
  <testcase classname="org.springframework.cloud.netflix.zuul.filters.route.restclient.RestClientRibbonCommandIntegrationTests" name="simpleHostRouteWithQuery" time="0.022"/>
  <testcase classname="org.springframework.cloud.netflix.zuul.filters.route.restclient.RestClientRibbonCommandIntegrationTests" name="simpleHostRouteWithNonExistentUrl" time="0.023"/>
  <testcase classname="org.springframework.cloud.netflix.zuul.filters.route.restclient.RestClientRibbonCommandIntegrationTests" name="ribbonCommandBadHost" time="0.238"/>
  <testcase classname="org.springframework.cloud.netflix.zuul.filters.route.restclient.RestClientRibbonCommandIntegrationTests" name="simpleHostRouteWithContentType" time="0.028"/>
  <testcase classname="org.springframework.cloud.netflix.zuul.filters.route.restclient.RestClientRibbonCommandIntegrationTests" name="simpleHostRouteWithTrailingSlash" time="0.024"/>
  <testcase classname="org.springframework.cloud.netflix.zuul.filters.route.restclient.RestClientRibbonCommandIntegrationTests" name="simpleHostRouteIgnoredHeader" time="0.023"/>
  <testcase classname="org.springframework.cloud.netflix.zuul.filters.route.restclient.RestClientRibbonCommandIntegrationTests" name="getOnSelfViaRibbonRoutingFilter" time="0.024"/>
  <testcase classname="org.springframework.cloud.netflix.zuul.filters.route.restclient.RestClientRibbonCommandIntegrationTests" name="stripPrefixFalseAppendsPath" time="0.019"/>
  <testcase classname="org.springframework.cloud.netflix.zuul.filters.route.restclient.RestClientRibbonCommandIntegrationTests" name="ribbonRouteWithSpace" time="0.022"/>
  <testcase classname="org.springframework.cloud.netflix.zuul.filters.route.restclient.RestClientRibbonCommandIntegrationTests" name="simpleHostRouteWithOverriddenQString" time="0.017"/>
  <testcase classname="org.springframework.cloud.netflix.zuul.filters.route.restclient.RestClientRibbonCommandIntegrationTests" name="getSecondLevel" time="0.212"/>
  <testcase classname="org.springframework.cloud.netflix.zuul.filters.route.restclient.RestClientRibbonCommandIntegrationTests" name="simpleHostRouteWithOriginalQueryString" time="0.013"/>
  <testcase classname="org.springframework.cloud.netflix.zuul.filters.route.restclient.RestClientRibbonCommandIntegrationTests" name="bindRouteUsingPhysicalRoute" time="0.005"/>
  <testcase classname="org.springframework.cloud.netflix.zuul.filters.route.restclient.RestClientRibbonCommandIntegrationTests" name="ribbonDeleteWithBody" time="0.023"/>
  <testcase classname="org.springframework.cloud.netflix.zuul.filters.route.restclient.RestClientRibbonCommandIntegrationTests" name="deleteOnSelfViaSimpleHostRoutingFilter" time="0.022"/>
  <testcase classname="org.springframework.cloud.netflix.zuul.filters.route.restclient.RestClientRibbonCommandIntegrationTests" name="testNotFoundOnProxy" time="0.013"/>
  <testcase classname="org.springframework.cloud.netflix.zuul.filters.route.restclient.RestClientRibbonCommandIntegrationTests" name="bindRouteUsingOnlyPath" time="0.004"/>
  <testcase classname="org.springframework.cloud.netflix.zuul.filters.route.restclient.RestClientRibbonCommandIntegrationTests" name="ribbonRouteWithNonExistentUri" time="0.038"/>
  <testcase classname="org.springframework.cloud.netflix.zuul.filters.route.restclient.RestClientRibbonCommandIntegrationTests" name="simpleHostRouteWithSpace" time="0.015"/>
  <testcase classname="org.springframework.cloud.netflix.zuul.filters.route.restclient.RestClientRibbonCommandIntegrationTests" name="testNotFoundFromApp" time="0.015"/>
  <testcase classname="org.springframework.cloud.netflix.zuul.filters.route.restclient.RestClientRibbonCommandIntegrationTests" name="patchOnSelfViaSimpleHostRoutingFilter" time="0.005">
    <skipped/>
  </testcase>
</testsuite>