<?xml version="1.0" encoding="UTF-8" ?>
<testsuite tests="1" failures="0" name="org.springframework.cloud.netflix.turbine.stream.TurbineStreamTests" time="0.411" errors="0" skipped="1">
  <properties>
[...]
</properties>
  <testcase classname="org.springframework.cloud.netflix.turbine.stream.TurbineStreamTests" name="contextLoads" time="0.411">
    <skipped/>
    <system-out>17:42:04.390 [main] DEBUG org.springframework.test.context.junit4.SpringJUnit4ClassRunner - SpringJUnit4ClassRunner constructor called with [class org.springframework.cloud.netflix.turbine.stream.TurbineStreamTests]
17:42:04.392 [main] DEBUG org.springframework.test.context.BootstrapUtils - Instantiating CacheAwareContextLoaderDelegate from class [org.springframework.test.context.cache.DefaultCacheAwareContextLoaderDelegate]
17:42:04.399 [main] DEBUG org.springframework.test.context.BootstrapUtils - Instantiating BootstrapContext using constructor [public org.springframework.test.context.support.DefaultBootstrapContext(java.lang.Class,org.springframework.test.context.CacheAwareContextLoaderDelegate)]
17:42:04.426 [main] DEBUG org.springframework.test.context.BootstrapUtils - Instantiating TestContextBootstrapper for test class [org.springframework.cloud.netflix.turbine.stream.TurbineStreamTests] from class [org.springframework.boot.test.context.SpringBootTestContextBootstrapper]
17:42:04.437 [main] INFO org.springframework.boot.test.context.SpringBootTestContextBootstrapper - Neither @ContextConfiguration nor @ContextHierarchy found for test class [org.springframework.cloud.netflix.turbine.stream.TurbineStreamTests], using SpringBootContextLoader
17:42:04.440 [main] DEBUG org.springframework.test.context.support.AbstractContextLoader - Did not detect default resource location for test class [org.springframework.cloud.netflix.turbine.stream.TurbineStreamTests]: class path resource [org/springframework/cloud/netflix/turbine/stream/TurbineStreamTests-context.xml] does not exist
17:42:04.441 [main] DEBUG org.springframework.test.context.support.AbstractContextLoader - Did not detect default resource location for test class [org.springframework.cloud.netflix.turbine.stream.TurbineStreamTests]: class path resource [org/springframework/cloud/netflix/turbine/stream/TurbineStreamTestsContext.groovy] does not exist
17:42:04.441 [main] INFO org.springframework.test.context.support.AbstractContextLoader - Could not detect default resource locations for test class [org.springframework.cloud.netflix.turbine.stream.TurbineStreamTests]: no resource found for suffixes {-context.xml, Context.groovy}.
17:42:04.505 [main] DEBUG org.springframework.test.context.support.ActiveProfilesUtils - Could not find an &apos;annotation declaring class&apos; for annotation type [org.springframework.test.context.ActiveProfiles] and class [org.springframework.cloud.netflix.turbine.stream.TurbineStreamTests]
17:42:04.644 [main] DEBUG org.springframework.beans.BeanUtils - No property editor [org.springframework.boot.WebApplicationTypeEditor] found for type org.springframework.boot.WebApplicationType according to &apos;Editor&apos; suffix convention
17:42:04.654 [main] DEBUG org.springframework.boot.test.context.SpringBootTestContextBootstrapper - @TestExecutionListeners is not present for class [org.springframework.cloud.netflix.turbine.stream.TurbineStreamTests]: using defaults.
17:42:04.655 [main] INFO org.springframework.boot.test.context.SpringBootTestContextBootstrapper - Loaded default TestExecutionListener class names from location [META-INF/spring.factories]: [org.springframework.boot.test.mock.mockito.MockitoTestExecutionListener, org.springframework.boot.test.mock.mockito.ResetMocksTestExecutionListener, org.springframework.boot.test.autoconfigure.restdocs.RestDocsTestExecutionListener, org.springframework.boot.test.autoconfigure.web.client.MockRestServiceServerResetTestExecutionListener, org.springframework.boot.test.autoconfigure.web.servlet.MockMvcPrintOnlyOnFailureTestExecutionListener, org.springframework.boot.test.autoconfigure.web.servlet.WebDriverTestExecutionListener, org.springframework.test.context.web.ServletTestExecutionListener, org.springframework.test.context.support.DirtiesContextBeforeModesTestExecutionListener, org.springframework.test.context.support.DependencyInjectionTestExecutionListener, org.springframework.test.context.support.DirtiesContextTestExecutionListener, org.springframework.test.context.transaction.TransactionalTestExecutionListener, org.springframework.test.context.jdbc.SqlScriptsTestExecutionListener]
17:42:04.759 [main] INFO org.springframework.boot.test.context.SpringBootTestContextBootstrapper - Using TestExecutionListeners: [org.springframework.test.context.web.ServletTestExecutionListener@7cbd9d24, org.springframework.test.context.support.DirtiesContextBeforeModesTestExecutionListener@1672fe87, org.springframework.boot.test.mock.mockito.MockitoTestExecutionListener@5026735c, org.springframework.boot.test.autoconfigure.SpringBootDependencyInjectionTestExecutionListener@1b45c0e, org.springframework.test.context.support.DirtiesContextTestExecutionListener@11f0a5a1, org.springframework.test.context.transaction.TransactionalTestExecutionListener@10f7f7de, org.springframework.test.context.jdbc.SqlScriptsTestExecutionListener@73a8da0f, org.springframework.boot.test.mock.mockito.ResetMocksTestExecutionListener@50dfbc58, org.springframework.boot.test.autoconfigure.restdocs.RestDocsTestExecutionListener@4416d64f, org.springframework.boot.test.autoconfigure.web.client.MockRestServiceServerResetTestExecutionListener@6bf08014, org.springframework.boot.test.autoconfigure.web.servlet.MockMvcPrintOnlyOnFailureTestExecutionListener@5e3d57c7, org.springframework.boot.test.autoconfigure.web.servlet.WebDriverTestExecutionListener@732d0d24]
17:42:04.762 [main] DEBUG org.springframework.test.annotation.ProfileValueUtils - Retrieved @ProfileValueSourceConfiguration [null] for test class [org.springframework.cloud.netflix.turbine.stream.TurbineStreamTests]
17:42:04.763 [main] DEBUG org.springframework.test.annotation.ProfileValueUtils - Retrieved ProfileValueSource type [class org.springframework.test.annotation.SystemProfileValueSource] for class [org.springframework.cloud.netflix.turbine.stream.TurbineStreamTests]
17:42:04.764 [main] DEBUG org.springframework.test.annotation.ProfileValueUtils - Retrieved @ProfileValueSourceConfiguration [null] for test class [org.springframework.cloud.netflix.turbine.stream.TurbineStreamTests]
17:42:04.764 [main] DEBUG org.springframework.test.annotation.ProfileValueUtils - Retrieved ProfileValueSource type [class org.springframework.test.annotation.SystemProfileValueSource] for class [org.springframework.cloud.netflix.turbine.stream.TurbineStreamTests]
</system-out>
  </testcase>
</testsuite>