<?xml version="1.0" encoding="UTF-8" ?>
<testsuite tests="10" failures="0" name="org.springframework.cloud.netflix.eureka.server.RefreshablePeerEurekaNodesTests" time="1.885" errors="0" skipped="2">
  <properties>
[...]
</properties>
  <testcase classname="org.springframework.cloud.netflix.eureka.server.RefreshablePeerEurekaNodesTests" name="updatedWhenAvailabilityZoneChanged" time="0.013">
    <skipped/>
    <system-out>2018-04-29 23:43:20.633  INFO 12030 --- [           main] .b.t.c.SpringBootTestContextBootstrapper : Neither @ContextConfiguration nor @ContextHierarchy found for test class [org.springframework.cloud.netflix.eureka.server.RefreshablePeerEurekaNodesTests], using SpringBootContextLoader
2018-04-29 23:43:20.634  INFO 12030 --- [           main] o.s.t.c.support.AbstractContextLoader    : Could not detect default resource locations for test class [org.springframework.cloud.netflix.eureka.server.RefreshablePeerEurekaNodesTests]: no resource found for suffixes {-context.xml, Context.groovy}.
2018-04-29 23:43:20.638  INFO 12030 --- [           main] .b.t.c.SpringBootTestContextBootstrapper : Loaded default TestExecutionListener class names from location [META-INF/spring.factories]: [org.springframework.boot.test.mock.mockito.MockitoTestExecutionListener, org.springframework.boot.test.mock.mockito.ResetMocksTestExecutionListener, org.springframework.boot.test.autoconfigure.restdocs.RestDocsTestExecutionListener, org.springframework.boot.test.autoconfigure.web.client.MockRestServiceServerResetTestExecutionListener, org.springframework.boot.test.autoconfigure.web.servlet.MockMvcPrintOnlyOnFailureTestExecutionListener, org.springframework.boot.test.autoconfigure.web.servlet.WebDriverTestExecutionListener, org.springframework.test.context.web.ServletTestExecutionListener, org.springframework.test.context.support.DirtiesContextBeforeModesTestExecutionListener, org.springframework.test.context.support.DependencyInjectionTestExecutionListener, org.springframework.test.context.support.DirtiesContextTestExecutionListener, org.springframework.test.context.transaction.TransactionalTestExecutionListener, org.springframework.test.context.jdbc.SqlScriptsTestExecutionListener]
2018-04-29 23:43:20.641  INFO 12030 --- [           main] .b.t.c.SpringBootTestContextBootstrapper : Using TestExecutionListeners: [org.springframework.test.context.web.ServletTestExecutionListener@65234a9, org.springframework.test.context.support.DirtiesContextBeforeModesTestExecutionListener@4004bfba, org.springframework.boot.test.mock.mockito.MockitoTestExecutionListener@c19bb2a, org.springframework.boot.test.autoconfigure.SpringBootDependencyInjectionTestExecutionListener@3599b18, org.springframework.test.context.support.DirtiesContextTestExecutionListener@143900a6, org.springframework.boot.test.mock.mockito.ResetMocksTestExecutionListener@712594f4, org.springframework.boot.test.autoconfigure.restdocs.RestDocsTestExecutionListener@30a4a111, org.springframework.boot.test.autoconfigure.web.client.MockRestServiceServerResetTestExecutionListener@7f6a6d46, org.springframework.boot.test.autoconfigure.web.servlet.MockMvcPrintOnlyOnFailureTestExecutionListener@238a7e3d, org.springframework.boot.test.autoconfigure.web.servlet.WebDriverTestExecutionListener@7ed5cc8c]
</system-out>
  </testcase>
  <testcase classname="org.springframework.cloud.netflix.eureka.server.RefreshablePeerEurekaNodesTests" name="dashboardUpdatedAsSoonAsRefreshed" time="0.374"/>
  <testcase classname="org.springframework.cloud.netflix.eureka.server.RefreshablePeerEurekaNodesTests" name="serviceUrlsCountAsSoonAsRefreshed" time="0.334"/>
  <testcase classname="org.springframework.cloud.netflix.eureka.server.RefreshablePeerEurekaNodesTests" name="peerEurekaNodesIsRefreshablePeerEurekaNodes" time="0.002"/>
  <testcase classname="org.springframework.cloud.netflix.eureka.server.RefreshablePeerEurekaNodesTests" name="notUpdatedWhenDnsIsTrue" time="0.132"/>
  <testcase classname="org.springframework.cloud.netflix.eureka.server.RefreshablePeerEurekaNodesTests" name="updatedWhenDnsIsFalse" time="0.162"/>
  <testcase classname="org.springframework.cloud.netflix.eureka.server.RefreshablePeerEurekaNodesTests" name="serviceUrlsValueAsSoonAsRefreshed" time="0.169"/>
  <testcase classname="org.springframework.cloud.netflix.eureka.server.RefreshablePeerEurekaNodesTests" name="updatedWhenRegionChanged" time="0.169">
    <skipped/>
  </testcase>
  <testcase classname="org.springframework.cloud.netflix.eureka.server.RefreshablePeerEurekaNodesTests" name="notUpdatedWhenIrrelevantPropertiesChanged" time="0.451"/>
  <testcase classname="org.springframework.cloud.netflix.eureka.server.RefreshablePeerEurekaNodesTests" name="notUpdatedForRelaxedKeys" time="0.079"/>
</testsuite>